0 info it worked if it ends with ok
1 verbose cli [ '/usr/bin/node', '/usr/bin/npm', 'install', 'json2typescript' ]
2 info using npm@3.10.10
3 info using node@v6.12.2
4 verbose config Skipping project config: /home/ronaldrum/.npmrc. (matches userconfig)
5 silly loadCurrentTree Starting
6 silly install loadCurrentTree
7 silly install readLocalPackageData
8 silly fetchPackageMetaData json2typescript
9 silly fetchNamedPackageData json2typescript
10 silly mapToRegistry name json2typescript
11 silly mapToRegistry using default registry
12 silly mapToRegistry registry https://registry.npmjs.org/
13 silly mapToRegistry data Result {
13 silly mapToRegistry   raw: 'json2typescript',
13 silly mapToRegistry   scope: null,
13 silly mapToRegistry   escapedName: 'json2typescript',
13 silly mapToRegistry   name: 'json2typescript',
13 silly mapToRegistry   rawSpec: '',
13 silly mapToRegistry   spec: 'latest',
13 silly mapToRegistry   type: 'tag' }
14 silly mapToRegistry uri https://registry.npmjs.org/json2typescript
15 verbose request uri https://registry.npmjs.org/json2typescript
16 verbose request no auth needed
17 info attempt registry request try #1 at 12:40:26 AM
18 verbose request id 42bdf7128456b467
19 verbose etag "5a3c68b8-9525"
20 verbose lastModified Fri, 22 Dec 2017 2:06:48 GMT
21 http request GET https://registry.npmjs.org/json2typescript
22 http 304 https://registry.npmjs.org/json2typescript
23 verbose headers { date: 'Tue, 26 Dec 2017 23:40:27 GMT',
23 verbose headers   via: '1.1 varnish',
23 verbose headers   'cache-control': 'max-age=300',
23 verbose headers   etag: '"5a3c68b8-9525"',
23 verbose headers   age: '0',
23 verbose headers   connection: 'keep-alive',
23 verbose headers   'x-served-by': 'cache-lhr6325-LHR',
23 verbose headers   'x-cache': 'MISS',
23 verbose headers   'x-cache-hits': '0',
23 verbose headers   'x-timer': 'S1514331627.151356,VS0,VE297',
23 verbose headers   vary: 'Accept-Encoding, Accept' }
24 silly get cb [ 304,
24 silly get   { date: 'Tue, 26 Dec 2017 23:40:27 GMT',
24 silly get     via: '1.1 varnish',
24 silly get     'cache-control': 'max-age=300',
24 silly get     etag: '"5a3c68b8-9525"',
24 silly get     age: '0',
24 silly get     connection: 'keep-alive',
24 silly get     'x-served-by': 'cache-lhr6325-LHR',
24 silly get     'x-cache': 'MISS',
24 silly get     'x-cache-hits': '0',
24 silly get     'x-timer': 'S1514331627.151356,VS0,VE297',
24 silly get     vary: 'Accept-Encoding, Accept' } ]
25 verbose etag https://registry.npmjs.org/json2typescript from cache
26 verbose get saving json2typescript to /home/ronaldrum/.npm/registry.npmjs.org/json2typescript/.cache.json
27 verbose correctMkdir /home/ronaldrum/.npm correctMkdir not in flight; initializing
28 silly install normalizeTree
29 silly loadCurrentTree Finishing
30 silly loadIdealTree Starting
31 silly install loadIdealTree
32 silly cloneCurrentTree Starting
33 silly install cloneCurrentTreeToIdealTree
34 silly cloneCurrentTree Finishing
35 silly loadShrinkwrap Starting
36 silly install loadShrinkwrap
37 silly loadShrinkwrap Finishing
38 silly loadAllDepsIntoIdealTree Starting
39 silly install loadAllDepsIntoIdealTree
40 silly resolveWithNewModule json2typescript@1.0.5 checking installable status
41 silly cache add args [ 'json2typescript', null ]
42 verbose cache add spec json2typescript
43 silly cache add parsed spec Result {
43 silly cache add   raw: 'json2typescript',
43 silly cache add   scope: null,
43 silly cache add   escapedName: 'json2typescript',
43 silly cache add   name: 'json2typescript',
43 silly cache add   rawSpec: '',
43 silly cache add   spec: 'latest',
43 silly cache add   type: 'tag' }
44 silly addNamed json2typescript@latest
45 verbose addNamed "latest" is being treated as a dist-tag for json2typescript
46 info addNameTag [ 'json2typescript', 'latest' ]
47 silly mapToRegistry name json2typescript
48 silly mapToRegistry using default registry
49 silly mapToRegistry registry https://registry.npmjs.org/
50 silly mapToRegistry data Result {
50 silly mapToRegistry   raw: 'json2typescript',
50 silly mapToRegistry   scope: null,
50 silly mapToRegistry   escapedName: 'json2typescript',
50 silly mapToRegistry   name: 'json2typescript',
50 silly mapToRegistry   rawSpec: '',
50 silly mapToRegistry   spec: 'latest',
50 silly mapToRegistry   type: 'tag' }
51 silly mapToRegistry uri https://registry.npmjs.org/json2typescript
52 verbose addNameTag registry:https://registry.npmjs.org/json2typescript not in flight; fetching
53 verbose get https://registry.npmjs.org/json2typescript not expired, no request
54 silly addNameTag next cb for json2typescript with tag latest
55 silly addNamed json2typescript@1.0.5
56 verbose addNamed "1.0.5" is a plain semver version for json2typescript
57 silly cache afterAdd json2typescript@1.0.5
58 verbose afterAdd /home/ronaldrum/.npm/json2typescript/1.0.5/package/package.json not in flight; writing
59 verbose correctMkdir /home/ronaldrum/.npm correctMkdir not in flight; initializing
60 verbose afterAdd /home/ronaldrum/.npm/json2typescript/1.0.5/package/package.json written
61 silly loadAllDepsIntoIdealTree Finishing
62 silly loadIdealTree Finishing
63 silly currentTree ronaldrum
63 silly currentTree ├── chart.js@2.7.1
63 silly currentTree ├── chartjs-color-string@0.5.0
63 silly currentTree ├── chartjs-color@2.2.0
63 silly currentTree ├── color-convert@0.5.3
63 silly currentTree ├── color-name@1.1.3
63 silly currentTree ├── moment@2.18.1
63 silly currentTree └── ng2-charts@1.6.0
64 silly idealTree ronaldrum
64 silly idealTree ├── chart.js@2.7.1
64 silly idealTree ├── chartjs-color-string@0.5.0
64 silly idealTree ├── chartjs-color@2.2.0
64 silly idealTree ├── color-convert@0.5.3
64 silly idealTree ├── color-name@1.1.3
64 silly idealTree ├── json2typescript@1.0.5
64 silly idealTree ├── moment@2.18.1
64 silly idealTree └── ng2-charts@1.6.0
65 silly generateActionsToTake Starting
66 silly install generateActionsToTake
67 warn checkPermissions Missing write access to /home/ronaldrum/node_modules
68 silly rollbackFailedOptional Starting
69 silly rollbackFailedOptional Finishing
70 silly runTopLevelLifecycles Finishing
71 silly install printInstalled
72 warn enoent ENOENT: no such file or directory, open '/home/ronaldrum/package.json'
73 verbose enoent ENOENT: no such file or directory, open '/home/ronaldrum/package.json'
73 verbose enoent This is most likely not a problem with npm itself
73 verbose enoent and is related to npm not being able to find a file.
74 warn ng2-charts@1.6.0 requires a peer of @angular/common@^2.3.0 || >=4.0.0 but none was installed.
75 verbose If you need help, you may report this error at:
75 verbose     <https://github.com/npm/npm/issues>
76 warn ng2-charts@1.6.0 requires a peer of @angular/core@^2.3.0 || >=4.0.0 but none was installed.
77 verbose If you need help, you may report this error at:
77 verbose     <https://github.com/npm/npm/issues>
78 warn ronaldrum No description
79 verbose If you need help, you may report this error at:
79 verbose     <https://github.com/npm/npm/issues>
80 warn ronaldrum No repository field.
81 verbose If you need help, you may report this error at:
81 verbose     <https://github.com/npm/npm/issues>
82 warn ronaldrum No README data
83 verbose If you need help, you may report this error at:
83 verbose     <https://github.com/npm/npm/issues>
84 warn ronaldrum No license field.
85 verbose If you need help, you may report this error at:
85 verbose     <https://github.com/npm/npm/issues>
86 verbose stack Error: EACCES: permission denied, access '/home/ronaldrum/node_modules'
86 verbose stack     at Error (native)
87 verbose cwd /home/ronaldrum/projects/angular-chart
88 error Linux 4.10.0-28-generic
89 error argv "/usr/bin/node" "/usr/bin/npm" "install" "json2typescript"
90 error node v6.12.2
91 error npm  v3.10.10
92 error path /home/ronaldrum/node_modules
93 error code EACCES
94 error errno -13
95 error syscall access
96 error Error: EACCES: permission denied, access '/home/ronaldrum/node_modules'
96 error     at Error (native)
96 error  { Error: EACCES: permission denied, access '/home/ronaldrum/node_modules'
96 error     at Error (native)
96 error   errno: -13,
96 error   code: 'EACCES',
96 error   syscall: 'access',
96 error   path: '/home/ronaldrum/node_modules' }
97 error Please try running this command again as root/Administrator.
98 verbose exit [ -13, true ]
